<?xml version="1.0" encoding="UTF-8"?>
<!-- Generated by org.testng.reporters.JUnitXMLReporter -->
<testsuite ignored="1" hostname="ESS-549" failures="0" tests="2" name="Test" time="50.13" errors="0" timestamp="2023-03-15T16:09:30 EDT">
  <testcase classname="testcase.roleAccess$PimsAdmin" name="LoginTest" time="19.059"/>
  <testcase classname="testcase.roleAccess$PimsAdmin" name="switchingPims" time="25.344"/>
  <testcase classname="base.BaseClass" name="@BeforeTest setUp" time="0.0">
    <ignored/>
  </testcase> <!-- @BeforeTest setUp -->
</testsuite> <!-- Test -->
