<?xml version="1.0" encoding="UTF-8"?>
<testng-results ignored="1" total="3" passed="2" failed="0" skipped="0">
  <reporter-output>
  </reporter-output>
  <suite started-at="2023-03-15T16:08:40 EDT" name="Suite" finished-at="2023-03-15T16:09:30 EDT" duration-ms="50130">
    <groups>
    </groups>
    <test started-at="2023-03-15T16:08:40 EDT" name="Test" finished-at="2023-03-15T16:09:30 EDT" duration-ms="50130">
      <class name="testcase.roleAccess$PimsAdmin">
        <test-method signature="LoginTest()[pri:1, instance:testcase.roleAccess$PimsAdmin@6ae5aa72]" started-at="2023-03-15T16:08:45 EDT" name="LoginTest" finished-at="2023-03-15T16:09:04 EDT" duration-ms="19059" status="PASS">
          <reporter-output>
          </reporter-output>
        </test-method> <!-- LoginTest -->
        <test-method signature="switchingPims()[pri:2, instance:testcase.roleAccess$PimsAdmin@6ae5aa72]" started-at="2023-03-15T16:09:04 EDT" name="switchingPims" finished-at="2023-03-15T16:09:30 EDT" duration-ms="25344" status="PASS">
          <reporter-output>
          </reporter-output>
        </test-method> <!-- switchingPims -->
      </class> <!-- testcase.roleAccess$PimsAdmin -->
      <class name="base.BaseClass">
        <test-method is-config="true" signature="setUp()[pri:0, instance:base.BaseClass@4a94ee4]" started-at="2023-03-15T16:08:40 EDT" name="setUp" finished-at="2023-03-15T16:08:45 EDT" duration-ms="5698" status="PASS">
          <reporter-output>
          </reporter-output>
        </test-method> <!-- setUp -->
      </class> <!-- base.BaseClass -->
    </test> <!-- Test -->
  </suite> <!-- Suite -->
</testng-results>
