<?xml version="1.0" encoding="UTF-8"?>
<!-- Generated by org.testng.reporters.JUnitXMLReporter -->
<testsuite ignored="0" hostname="ESS-549" failures="0" tests="5" name="Default test" time="92.775" errors="0" timestamp="2023-04-12T14:35:59 EDT">
  <testcase classname="testcase.rolePunchlistProduction$PimsAdmin" name="LoginTest" time="19.076"/>
  <testcase classname="testcase.rolePunchlistProduction$PimsAdmin" name="rfiFullControl" time="14.13"/>
  <testcase classname="testcase.rolePunchlistProduction$PimsAdmin" name="rfiRead" time="13.255"/>
  <testcase classname="testcase.rolePunchlistProduction$PimsAdmin" name="rfiAdd" time="12.606"/>
  <testcase classname="testcase.rolePunchlistProduction$PimsAdmin" name="rfiDeny" time="26.165"/>
</testsuite> <!-- Default test -->
